<?xml version="1.0" encoding="UTF-8"?>
<!-- Generated by org.testng.reporters.JUnitReportReporter -->
<testsuite hostname="LAPTOP-GUCQM6AV" failures="0" tests="1" name="Test01_GET" time="1.375" errors="0" timestamp="2022-05-28T12:46:02 IST" skipped="0">
  <testcase classname="Test01_GET" name="test_01" time="1.375"/>
  <system-out/>
</testsuite> <!-- Test01_GET -->
